# JRE version: OpenJDK Runtime Environment (11.0.3+7) (build 11.0.3+7-Ubuntu-1ubuntu218.04.1)
# Java VM: OpenJDK 64-Bit Server VM (11.0.3+7-Ubuntu-1ubuntu218.04.1, mixed mode, sharing, tiered, compressed oops, g1 gc, linux-amd64)
Heap:
 garbage-first heap   total 313344K, used 61866K [0x0000000084800000, 0x0000000100000000)
  region size 1024K, 1 young (1024K), 1 survivors (1024K)
 Metaspace       used 53106K, capacity 55327K, committed 56348K, reserved 1097728K
  class space    used 7090K, capacity 8064K, committed 8320K, reserved 1048576K
GC Heap History (10 events):
Event: 18716.494 GC heap after
{Heap after GC invocations=159 (full 5):
 garbage-first heap   total 156672K, used 61846K [0x0000000084800000, 0x0000000100000000)
  region size 1024K, 1 young (1024K), 1 survivors (1024K)
 Metaspace       used 53582K, capacity 56065K, committed 56348K, reserved 1097728K
  class space    used 7175K, capacity 8221K, committed 8320K, reserved 1048576K
}
Event: 18723.507 GC heap before
{Heap before GC invocations=159 (full 5):
 garbage-first heap   total 156672K, used 67990K [0x0000000084800000, 0x0000000100000000)
  region size 1024K, 7 young (7168K), 1 survivors (1024K)
 Metaspace       used 53582K, capacity 56065K, committed 56348K, reserved 1097728K
  class space    used 7175K, capacity 8221K, committed 8320K, reserved 1048576K
}
Event: 18723.508 GC heap after
{Heap after GC invocations=160 (full 5):
 garbage-first heap   total 156672K, used 61934K [0x0000000084800000, 0x0000000100000000)
  region size 1024K, 1 young (1024K), 1 survivors (1024K)
 Metaspace       used 53582K, capacity 56065K, committed 56348K, reserved 1097728K
  class space    used 7175K, capacity 8221K, committed 8320K, reserved 1048576K
}
Event: 18731.516 GC heap before
{Heap before GC invocations=160 (full 5):
 garbage-first heap   total 156672K, used 68078K [0x0000000084800000, 0x0000000100000000)
  region size 1024K, 7 young (7168K), 1 survivors (1024K)
 Metaspace       used 53582K, capacity 56065K, committed 56348K, reserved 1097728K
  class space    used 7175K, capacity 8221K, committed 8320K, reserved 1048576K
}
Event: 18731.518 GC heap after
{Heap after GC invocations=161 (full 5):
 garbage-first heap   total 156672K, used 61860K [0x0000000084800000, 0x0000000100000000)
  region size 1024K, 1 young (1024K), 1 survivors (1024K)
 Metaspace       used 53582K, capacity 56065K, committed 56348K, reserved 1097728K
  class space    used 7175K, capacity 8221K, committed 8320K, reserved 1048576K
}
Event: 18852.915 GC heap before
{Heap before GC invocations=161 (full 5):
 garbage-first heap   total 156672K, used 135588K [0x0000000084800000, 0x0000000100000000)
  region size 1024K, 73 young (74752K), 1 survivors (1024K)
 Metaspace       used 53582K, capacity 56065K, committed 56348K, reserved 1097728K
  class space    used 7175K, capacity 8221K, committed 8320K, reserved 1048576K
}
Event: 18877.896 GC heap after
{Heap after GC invocations=162 (full 5):
 garbage-first heap   total 156672K, used 61910K [0x0000000084800000, 0x0000000100000000)
  region size 1024K, 1 young (1024K), 1 survivors (1024K)
 Metaspace       used 53582K, capacity 56065K, committed 56348K, reserved 1097728K
  class space    used 7175K, capacity 8221K, committed 8320K, reserved 1048576K
}
Event: 18905.024 GC heap before
{Heap before GC invocations=162 (full 5):
 garbage-first heap   total 156672K, used 67030K [0x0000000084800000, 0x0000000100000000)
  region size 1024K, 7 young (7168K), 1 survivors (1024K)
 Metaspace       used 53582K, capacity 56065K, committed 56348K, reserved 1097728K
  class space    used 7175K, capacity 8221K, committed 8320K, reserved 1048576K
}
Event: 18945.798 GC heap after
{Heap after GC invocations=163 (full 5):
 garbage-first heap   total 156672K, used 61857K [0x0000000084800000, 0x0000000100000000)
  region size 1024K, 1 young (1024K), 1 survivors (1024K)
 Metaspace       used 53582K, capacity 56065K, committed 56348K, reserved 1097728K
  class space    used 7175K, capacity 8221K, committed 8320K, reserved 1048576K
}
Event: 19180.893 GC heap before
{Heap before GC invocations=164 (full 5):
 garbage-first heap   total 156672K, used 68001K [0x0000000084800000, 0x0000000100000000)
  region size 1024K, 7 young (7168K), 1 survivors (1024K)
 Metaspace       used 53106K, capacity 55327K, committed 56348K, reserved 1097728K
  class space    used 7090K, capacity 8064K, committed 8320K, reserved 1048576K
}

